<?xml version="1.0" encoding="UTF-8"?>
<testsuite xmlns:xsi="http://www.w3.org/2001/XMLSchema-instance" xsi:noNamespaceSchemaLocation="https://maven.apache.org/surefire/maven-surefire-plugin/xsd/surefire-test-report.xsd" name="com.fiap.bot.AppTest" time="0.061" tests="1" errors="0" skipped="0" failures="0">
  <properties>
    <property name="java.specification.version" value="14"/>
    <property name="sun.cpu.isalist" value="amd64"/>
    <property name="sun.jnu.encoding" value="Cp1252"/>
    <property name="java.class.path" value="c:\Users\ayrto\Desktop\aulas\java\bot-fiap-java\com.fiap.bot\target\test-classes;c:\Users\ayrto\Desktop\aulas\java\bot-fiap-java\com.fiap.bot\target\classes;C:\Users\ayrto\.m2\repository\junit\junit\4.11\junit-4.11.jar;C:\Users\ayrto\.m2\repository\org\hamcrest\hamcrest-core\1.3\hamcrest-core-1.3.jar;C:\Users\ayrto\.m2\repository\com\github\pengrad\java-telegram-bot-api\2.1.2\java-telegram-bot-api-2.1.2.jar;C:\Users\ayrto\.m2\repository\com\squareup\okhttp3\logging-interceptor\3.4.1\logging-interceptor-3.4.1.jar;C:\Users\ayrto\.m2\repository\com\google\code\gson\gson\2.7\gson-2.7.jar;C:\Users\ayrto\.m2\repository\com\squareup\okhttp3\okhttp\3.4.1\okhttp-3.4.1.jar;C:\Users\ayrto\.m2\repository\com\squareup\okio\okio\1.10.0\okio-1.10.0.jar;"/>
    <property name="java.vm.vendor" value="Oracle Corporation"/>
    <property name="sun.arch.data.model" value="64"/>
    <property name="user.variant" value=""/>
    <property name="java.vendor.url" value="https://openjdk.java.net/"/>
    <property name="user.timezone" value="America/Sao_Paulo"/>
    <property name="os.name" value="Windows 10"/>
    <property name="java.vm.specification.version" value="14"/>
    <property name="sun.java.launcher" value="SUN_STANDARD"/>
    <property name="user.country" value="BR"/>
    <property name="sun.boot.library.path" value="C:\Program Files\RedHat\java-14-openjdk-14.0.1-1\bin"/>
    <property name="sun.java.command" value="C:\Users\ayrto\AppData\Local\Temp\surefire5674489782416759710\surefirebooter13125008399709596641.jar C:\Users\ayrto\AppData\Local\Temp\surefire5674489782416759710 2020-07-18T15-09-22_720-jvmRun1 surefire8836135527296006751tmp surefire_05742293547649835223tmp"/>
    <property name="jdk.debug" value="release"/>
    <property name="surefire.test.class.path" value="c:\Users\ayrto\Desktop\aulas\java\bot-fiap-java\com.fiap.bot\target\test-classes;c:\Users\ayrto\Desktop\aulas\java\bot-fiap-java\com.fiap.bot\target\classes;C:\Users\ayrto\.m2\repository\junit\junit\4.11\junit-4.11.jar;C:\Users\ayrto\.m2\repository\org\hamcrest\hamcrest-core\1.3\hamcrest-core-1.3.jar;C:\Users\ayrto\.m2\repository\com\github\pengrad\java-telegram-bot-api\2.1.2\java-telegram-bot-api-2.1.2.jar;C:\Users\ayrto\.m2\repository\com\squareup\okhttp3\logging-interceptor\3.4.1\logging-interceptor-3.4.1.jar;C:\Users\ayrto\.m2\repository\com\google\code\gson\gson\2.7\gson-2.7.jar;C:\Users\ayrto\.m2\repository\com\squareup\okhttp3\okhttp\3.4.1\okhttp-3.4.1.jar;C:\Users\ayrto\.m2\repository\com\squareup\okio\okio\1.10.0\okio-1.10.0.jar;"/>
    <property name="sun.cpu.endian" value="little"/>
    <property name="user.home" value="C:\Users\ayrto"/>
    <property name="user.language" value="pt"/>
    <property name="java.specification.vendor" value="Oracle Corporation"/>
    <property name="java.version.date" value="2020-04-14"/>
    <property name="java.home" value="C:\Program Files\RedHat\java-14-openjdk-14.0.1-1"/>
    <property name="file.separator" value="\"/>
    <property name="basedir" value="c:\Users\ayrto\Desktop\aulas\java\bot-fiap-java\com.fiap.bot"/>
    <property name="java.vm.compressedOopsMode" value="32-bit"/>
    <property name="line.separator" value="&#10;"/>
    <property name="java.vm.specification.vendor" value="Oracle Corporation"/>
    <property name="java.specification.name" value="Java Platform API Specification"/>
    <property name="surefire.real.class.path" value="C:\Users\ayrto\AppData\Local\Temp\surefire5674489782416759710\surefirebooter13125008399709596641.jar"/>
    <property name="user.script" value=""/>
    <property name="sun.management.compiler" value="HotSpot 64-Bit Tiered Compilers"/>
    <property name="java.runtime.version" value="14.0.1+7"/>
    <property name="user.name" value="ayrto"/>
    <property name="path.separator" value=";"/>
    <property name="os.version" value="10.0"/>
    <property name="java.runtime.name" value="OpenJDK Runtime Environment"/>
    <property name="file.encoding" value="Cp1252"/>
    <property name="java.vm.name" value="OpenJDK 64-Bit Server VM"/>
    <property name="java.vendor.version" value="20.3"/>
    <property name="localRepository" value="C:\Users\ayrto\.m2\repository"/>
    <property name="java.vendor.url.bug" value="https://bugreport.java.com/bugreport/"/>
    <property name="java.io.tmpdir" value="C:\Users\ayrto\AppData\Local\Temp\"/>
    <property name="java.version" value="14.0.1"/>
    <property name="user.dir" value="c:\Users\ayrto\Desktop\aulas\java\bot-fiap-java\com.fiap.bot"/>
    <property name="os.arch" value="amd64"/>
    <property name="java.vm.specification.name" value="Java Virtual Machine Specification"/>
    <property name="sun.os.patch.level" value=""/>
    <property name="java.library.path" value="C:\Program Files\RedHat\java-14-openjdk-14.0.1-1\bin;C:\WINDOWS\Sun\Java\bin;C:\WINDOWS\system32;C:\WINDOWS;C:\Program Files (x86)\Common Files\Oracle\Java\javapath;C:\Program Files (x86)\Intel\Intel(R) Management Engine Components\iCLS\;C:\Program Files\Intel\Intel(R) Management Engine Components\iCLS\;C:\Windows\system32;C:\Windows;C:\Windows\System32\Wbem;C:\Windows\System32\WindowsPowerShell\v1.0\;C:\Windows\System32\OpenSSH\;C:\Program Files (x86)\Intel\Intel(R) Management Engine Components\DAL;C:\Program Files\Intel\Intel(R) Management Engine Components\DAL;C:\Program Files\dotnet\;C:\Program Files\Microsoft SQL Server\130\Tools\Binn\;C:\Program Files\Microsoft SQL Server\Client SDK\ODBC\170\Tools\Binn\;C:\Program Files\nodejs\;C:\Program Files\Git\cmd;C:\Program Files (x86)\NVIDIA Corporation\PhysX\Common;C:\Program Files\NVIDIA Corporation\NVIDIA NvDLISR;C:\WINDOWS\system32;C:\WINDOWS;C:\WINDOWS\System32\Wbem;C:\WINDOWS\System32\WindowsPowerShell\v1.0\;C:\WINDOWS\System32\OpenSSH\;C:\Program Files\RedHat\java-14-openjdk-14.0.1-1\bin;C:\Program Files (x86)\apache-maven-3.6.3\bin;C:\Users\ayrto\AppData\Local\Microsoft\WindowsApps;;C:\Users\ayrto\AppData\Local\Programs\Microsoft VS Code\bin;C:\Users\ayrto\AppData\Roaming\npm;C:\Users\ayrto\.dotnet\tools;C:\Users\ayrto\AppData\Local\Microsoft\WindowsApps;."/>
    <property name="java.vm.info" value="mixed mode, sharing"/>
    <property name="java.vendor" value="N/A"/>
    <property name="java.vm.version" value="14.0.1+7"/>
    <property name="sun.io.unicode.encoding" value="UnicodeLittle"/>
    <property name="java.class.version" value="58.0"/>
  </properties>
  <testcase name="shouldAnswerWithTrue" classname="com.fiap.bot.AppTest" time="0.002"/>
</testsuite>